ARM GAS  C:\Users\pedro\AppData\Local\Temp\ccH1CcNV.s 			page 1


   1              		.cpu cortex-m7
   2              		.eabi_attribute 28, 1
   3              		.eabi_attribute 20, 1
   4              		.eabi_attribute 21, 1
   5              		.eabi_attribute 23, 3
   6              		.eabi_attribute 24, 1
   7              		.eabi_attribute 25, 1
   8              		.eabi_attribute 26, 1
   9              		.eabi_attribute 30, 2
  10              		.eabi_attribute 34, 1
  11              		.eabi_attribute 18, 4
  12              		.file	"dcblock.cpp"
  13              		.text
  14              		.section	.text._ZN7daisysp7DcBlock4InitEf,"ax",%progbits
  15              		.align	1
  16              		.p2align 2,,3
  17              		.global	_ZN7daisysp7DcBlock4InitEf
  18              		.arch armv7e-m
  19              		.syntax unified
  20              		.thumb
  21              		.thumb_func
  22              		.fpu fpv5-d16
  24              	_ZN7daisysp7DcBlock4InitEf:
  25              		@ args = 0, pretend = 0, frame = 0
  26              		@ frame_needed = 0, uses_anonymous_args = 0
  27              		@ link register save eliminated.
  28 0000 0023     		movs	r3, #0
  29 0002 024A     		ldr	r2, .L3
  30 0004 4360     		str	r3, [r0, #4]	@ float
  31 0006 0360     		str	r3, [r0]	@ float
  32 0008 8260     		str	r2, [r0, #8]	@ float
  33 000a 7047     		bx	lr
  34              	.L4:
  35              		.align	2
  36              	.L3:
  37 000c A4707D3F 		.word	1065185444
  39              		.section	.text._ZN7daisysp7DcBlock7ProcessEf,"ax",%progbits
  40              		.align	1
  41              		.p2align 2,,3
  42              		.global	_ZN7daisysp7DcBlock7ProcessEf
  43              		.syntax unified
  44              		.thumb
  45              		.thumb_func
  46              		.fpu fpv5-d16
  48              	_ZN7daisysp7DcBlock7ProcessEf:
  49              		@ args = 0, pretend = 0, frame = 0
  50              		@ frame_needed = 0, uses_anonymous_args = 0
  51              		@ link register save eliminated.
  52 0000 D0ED006A 		vldr.32	s13, [r0]
  53 0004 80ED000A 		vstr.32	s0, [r0]
  54 0008 30EE660A 		vsub.f32	s0, s0, s13
  55 000c D0ED017A 		vldr.32	s15, [r0, #4]
  56 0010 90ED027A 		vldr.32	s14, [r0, #8]
  57 0014 A7EE270A 		vfma.f32	s0, s14, s15
  58 0018 80ED010A 		vstr.32	s0, [r0, #4]
  59 001c 7047     		bx	lr
  61 001e 00BF     		.ident	"GCC: (GNU Arm Embedded Toolchain 10-2020-q4-major) 10.2.1 20201103 (release)"
ARM GAS  C:\Users\pedro\AppData\Local\Temp\ccH1CcNV.s 			page 2


ARM GAS  C:\Users\pedro\AppData\Local\Temp\ccH1CcNV.s 			page 3


DEFINED SYMBOLS
                            *ABS*:00000000 dcblock.cpp
C:\Users\pedro\AppData\Local\Temp\ccH1CcNV.s:15     .text._ZN7daisysp7DcBlock4InitEf:00000000 $t
C:\Users\pedro\AppData\Local\Temp\ccH1CcNV.s:24     .text._ZN7daisysp7DcBlock4InitEf:00000000 _ZN7daisysp7DcBlock4InitEf
C:\Users\pedro\AppData\Local\Temp\ccH1CcNV.s:37     .text._ZN7daisysp7DcBlock4InitEf:0000000c $d
C:\Users\pedro\AppData\Local\Temp\ccH1CcNV.s:40     .text._ZN7daisysp7DcBlock7ProcessEf:00000000 $t
C:\Users\pedro\AppData\Local\Temp\ccH1CcNV.s:48     .text._ZN7daisysp7DcBlock7ProcessEf:00000000 _ZN7daisysp7DcBlock7ProcessEf

NO UNDEFINED SYMBOLS
