ARM GAS  C:\Users\pedro\AppData\Local\Temp\ccw7vteI.s 			page 1


   1              		.cpu cortex-m7
   2              		.eabi_attribute 28, 1
   3              		.eabi_attribute 20, 1
   4              		.eabi_attribute 21, 1
   5              		.eabi_attribute 23, 3
   6              		.eabi_attribute 24, 1
   7              		.eabi_attribute 25, 1
   8              		.eabi_attribute 26, 1
   9              		.eabi_attribute 30, 2
  10              		.eabi_attribute 34, 1
  11              		.eabi_attribute 18, 4
  12              		.file	"fm2.cpp"
  13              		.text
  14              		.section	.text._ZN7daisysp3Fm24InitEf,"ax",%progbits
  15              		.align	1
  16              		.p2align 2,,3
  17              		.global	_ZN7daisysp3Fm24InitEf
  18              		.arch armv7e-m
  19              		.syntax unified
  20              		.thumb
  21              		.thumb_func
  22              		.fpu fpv5-d16
  24              	_ZN7daisysp3Fm24InitEf:
  25              		@ args = 0, pretend = 0, frame = 0
  26              		@ frame_needed = 0, uses_anonymous_args = 0
  27 0000 2DE9F041 		push	{r4, r5, r6, r7, r8, lr}
  28 0004 2DED048B 		vpush.64	{d8, d9}
  29 0008 F7EE008A 		vmov.f32	s17, #1.0e+0
  30 000c 0446     		mov	r4, r0
  31 000e B0EE408A 		vmov.f32	s16, s0
  32 0012 9FED229A 		vldr.32	s18, .L4
  33 0016 4FF07C58 		mov	r8, #1056964608
  34 001a 0027     		movs	r7, #0
  35 001c C8EE809A 		vdiv.f32	s19, s17, s0
  36 0020 2830     		adds	r0, r0, #40
  37 0022 84ED0D8A 		vstr.32	s16, [r4, #52]
  38 0026 0025     		movs	r5, #0
  39 0028 84ED0C9A 		vstr.32	s18, [r4, #48]
  40 002c 40F20116 		movw	r6, #257
  41 0030 C4F82C80 		str	r8, [r4, #44]	@ float
  42 0034 E763     		str	r7, [r4, #60]	@ float
  43 0036 B0EE490A 		vmov.f32	s0, s18
  44 003a C4ED0E9A 		vstr.32	s19, [r4, #56]
  45 003e FFF7FEFF 		bl	_ZN7daisysp10Oscillator12CalcPhaseIncEf
  46 0042 F0EE407A 		vmov.f32	s15, s0
  47 0046 84ED038A 		vstr.32	s16, [r4, #12]
  48 004a B0EE490A 		vmov.f32	s0, s18
  49 004e C4ED049A 		vstr.32	s19, [r4, #16]
  50 0052 2046     		mov	r0, r4
  51 0054 84ED029A 		vstr.32	s18, [r4, #8]
  52 0058 84F82850 		strb	r5, [r4, #40]
  53 005c C4ED107A 		vstr.32	s15, [r4, #64]
  54 0060 A4F84C60 		strh	r6, [r4, #76]	@ movhi
  55 0064 C4F80480 		str	r8, [r4, #4]	@ float
  56 0068 6761     		str	r7, [r4, #20]	@ float
  57 006a FFF7FEFF 		bl	_ZN7daisysp10Oscillator12CalcPhaseIncEf
  58 006e 4FF08043 		mov	r3, #1073741824
ARM GAS  C:\Users\pedro\AppData\Local\Temp\ccw7vteI.s 			page 2


  59 0072 0B4A     		ldr	r2, .L4+4
  60 0074 2570     		strb	r5, [r4]
  61 0076 C4ED0B8A 		vstr.32	s17, [r4, #44]
  62 007a C4ED018A 		vstr.32	s17, [r4, #4]
  63 007e 84F82850 		strb	r5, [r4, #40]
  64 0082 C4ED148A 		vstr.32	s17, [r4, #80]
  65 0086 84ED060A 		vstr.32	s0, [r4, #24]
  66 008a A684     		strh	r6, [r4, #36]	@ movhi
  67 008c A265     		str	r2, [r4, #88]	@ float
  68 008e 2366     		str	r3, [r4, #96]	@ float
  69 0090 6265     		str	r2, [r4, #84]	@ float
  70 0092 E365     		str	r3, [r4, #92]	@ float
  71 0094 BDEC048B 		vldm	sp!, {d8-d9}
  72 0098 BDE8F081 		pop	{r4, r5, r6, r7, r8, pc}
  73              	.L5:
  74              		.align	2
  75              	.L4:
  76 009c 0000C842 		.word	1120403456
  77 00a0 0000DC43 		.word	1138491392
  79              		.section	.text._ZN7daisysp3Fm27ProcessEv,"ax",%progbits
  80              		.align	1
  81              		.p2align 2,,3
  82              		.global	_ZN7daisysp3Fm27ProcessEv
  83              		.syntax unified
  84              		.thumb
  85              		.thumb_func
  86              		.fpu fpv5-d16
  88              	_ZN7daisysp3Fm27ProcessEv:
  89              		@ args = 0, pretend = 0, frame = 0
  90              		@ frame_needed = 0, uses_anonymous_args = 0
  91 0000 D0ED177A 		vldr.32	s15, [r0, #92]
  92 0004 90ED187A 		vldr.32	s14, [r0, #96]
  93 0008 90ED150A 		vldr.32	s0, [r0, #84]
  94 000c B4EE677A 		vcmp.f32	s14, s15
  95 0010 38B5     		push	{r3, r4, r5, lr}
  96 0012 F1EE10FA 		vmrs	APSR_nzcv, FPSCR
  97 0016 0446     		mov	r4, r0
  98 0018 06D1     		bne	.L8
  99 001a 90ED167A 		vldr.32	s14, [r0, #88]
 100 001e B4EE407A 		vcmp.f32	s14, s0
 101 0022 F1EE10FA 		vmrs	APSR_nzcv, FPSCR
 102 0026 2DD0     		beq	.L11
 103              	.L8:
 104 0028 04F12805 		add	r5, r4, #40
 105 002c C4ED187A 		vstr.32	s15, [r4, #96]
 106 0030 84ED160A 		vstr.32	s0, [r4, #88]
 107 0034 2846     		mov	r0, r5
 108 0036 84ED0C0A 		vstr.32	s0, [r4, #48]
 109 003a FFF7FEFF 		bl	_ZN7daisysp10Oscillator12CalcPhaseIncEf
 110 003e D4ED167A 		vldr.32	s15, [r4, #88]
 111 0042 94ED187A 		vldr.32	s14, [r4, #96]
 112 0046 2046     		mov	r0, r4
 113 0048 84ED100A 		vstr.32	s0, [r4, #64]
 114 004c 27EE870A 		vmul.f32	s0, s15, s14
 115 0050 84ED020A 		vstr.32	s0, [r4, #8]
 116 0054 FFF7FEFF 		bl	_ZN7daisysp10Oscillator12CalcPhaseIncEf
 117 0058 84ED060A 		vstr.32	s0, [r4, #24]
ARM GAS  C:\Users\pedro\AppData\Local\Temp\ccw7vteI.s 			page 3


 118              	.L9:
 119 005c 2046     		mov	r0, r4
 120 005e FFF7FEFF 		bl	_ZN7daisysp10Oscillator7ProcessEv
 121 0062 D4ED146A 		vldr.32	s13, [r4, #80]
 122 0066 D4ED0F7A 		vldr.32	s15, [r4, #60]
 123 006a 2846     		mov	r0, r5
 124 006c 20EE260A 		vmul.f32	s0, s0, s13
 125 0070 9FED067A 		vldr.32	s14, .L12
 126 0074 E0EE077A 		vfma.f32	s15, s0, s14
 127 0078 C4ED0F7A 		vstr.32	s15, [r4, #60]
 128 007c BDE83840 		pop	{r3, r4, r5, lr}
 129 0080 FFF7FEBF 		b	_ZN7daisysp10Oscillator7ProcessEv
 130              	.L11:
 131 0084 00F12805 		add	r5, r0, #40
 132 0088 E8E7     		b	.L9
 133              	.L13:
 134 008a 00BF     		.align	2
 135              	.L12:
 136 008c DB0FC940 		.word	1086918619
 138              		.section	.text._ZN7daisysp3Fm212SetFrequencyEf,"ax",%progbits
 139              		.align	1
 140              		.p2align 2,,3
 141              		.global	_ZN7daisysp3Fm212SetFrequencyEf
 142              		.syntax unified
 143              		.thumb
 144              		.thumb_func
 145              		.fpu fpv5-d16
 147              	_ZN7daisysp3Fm212SetFrequencyEf:
 148              		@ args = 0, pretend = 0, frame = 0
 149              		@ frame_needed = 0, uses_anonymous_args = 0
 150              		@ link register save eliminated.
 151 0000 B0EEC00A 		vabs.f32	s0, s0
 152 0004 80ED150A 		vstr.32	s0, [r0, #84]
 153 0008 7047     		bx	lr
 155 000a 00BF     		.section	.text._ZN7daisysp3Fm28SetRatioEf,"ax",%progbits
 156              		.align	1
 157              		.p2align 2,,3
 158              		.global	_ZN7daisysp3Fm28SetRatioEf
 159              		.syntax unified
 160              		.thumb
 161              		.thumb_func
 162              		.fpu fpv5-d16
 164              	_ZN7daisysp3Fm28SetRatioEf:
 165              		@ args = 0, pretend = 0, frame = 0
 166              		@ frame_needed = 0, uses_anonymous_args = 0
 167              		@ link register save eliminated.
 168 0000 B0EEC00A 		vabs.f32	s0, s0
 169 0004 80ED170A 		vstr.32	s0, [r0, #92]
 170 0008 7047     		bx	lr
 172 000a 00BF     		.section	.text._ZN7daisysp3Fm28SetIndexEf,"ax",%progbits
 173              		.align	1
 174              		.p2align 2,,3
 175              		.global	_ZN7daisysp3Fm28SetIndexEf
 176              		.syntax unified
 177              		.thumb
 178              		.thumb_func
 179              		.fpu fpv5-d16
ARM GAS  C:\Users\pedro\AppData\Local\Temp\ccw7vteI.s 			page 4


 181              	_ZN7daisysp3Fm28SetIndexEf:
 182              		@ args = 0, pretend = 0, frame = 0
 183              		@ frame_needed = 0, uses_anonymous_args = 0
 184              		@ link register save eliminated.
 185 0000 DFED037A 		vldr.32	s15, .L17
 186 0004 20EE270A 		vmul.f32	s0, s0, s15
 187 0008 80ED140A 		vstr.32	s0, [r0, #80]
 188 000c 7047     		bx	lr
 189              	.L18:
 190 000e 00BF     		.align	2
 191              	.L17:
 192 0010 CDCC4C3E 		.word	1045220557
 194              		.section	.text._ZN7daisysp3Fm28GetIndexEv,"ax",%progbits
 195              		.align	1
 196              		.p2align 2,,3
 197              		.global	_ZN7daisysp3Fm28GetIndexEv
 198              		.syntax unified
 199              		.thumb
 200              		.thumb_func
 201              		.fpu fpv5-d16
 203              	_ZN7daisysp3Fm28GetIndexEv:
 204              		@ args = 0, pretend = 0, frame = 0
 205              		@ frame_needed = 0, uses_anonymous_args = 0
 206              		@ link register save eliminated.
 207 0000 F1EE047A 		vmov.f32	s15, #5.0e+0
 208 0004 90ED140A 		vldr.32	s0, [r0, #80]
 209 0008 20EE270A 		vmul.f32	s0, s0, s15
 210 000c 7047     		bx	lr
 212 000e 00BF     		.section	.text._ZN7daisysp3Fm25ResetEv,"ax",%progbits
 213              		.align	1
 214              		.p2align 2,,3
 215              		.global	_ZN7daisysp3Fm25ResetEv
 216              		.syntax unified
 217              		.thumb
 218              		.thumb_func
 219              		.fpu fpv5-d16
 221              	_ZN7daisysp3Fm25ResetEv:
 222              		@ args = 0, pretend = 0, frame = 0
 223              		@ frame_needed = 0, uses_anonymous_args = 0
 224              		@ link register save eliminated.
 225 0000 0023     		movs	r3, #0
 226 0002 C363     		str	r3, [r0, #60]	@ float
 227 0004 4361     		str	r3, [r0, #20]	@ float
 228 0006 7047     		bx	lr
 230              		.ident	"GCC: (GNU Arm Embedded Toolchain 10-2020-q4-major) 10.2.1 20201103 (release)"
ARM GAS  C:\Users\pedro\AppData\Local\Temp\ccw7vteI.s 			page 5


DEFINED SYMBOLS
                            *ABS*:00000000 fm2.cpp
C:\Users\pedro\AppData\Local\Temp\ccw7vteI.s:15     .text._ZN7daisysp3Fm24InitEf:00000000 $t
C:\Users\pedro\AppData\Local\Temp\ccw7vteI.s:24     .text._ZN7daisysp3Fm24InitEf:00000000 _ZN7daisysp3Fm24InitEf
C:\Users\pedro\AppData\Local\Temp\ccw7vteI.s:76     .text._ZN7daisysp3Fm24InitEf:0000009c $d
C:\Users\pedro\AppData\Local\Temp\ccw7vteI.s:80     .text._ZN7daisysp3Fm27ProcessEv:00000000 $t
C:\Users\pedro\AppData\Local\Temp\ccw7vteI.s:88     .text._ZN7daisysp3Fm27ProcessEv:00000000 _ZN7daisysp3Fm27ProcessEv
C:\Users\pedro\AppData\Local\Temp\ccw7vteI.s:136    .text._ZN7daisysp3Fm27ProcessEv:0000008c $d
C:\Users\pedro\AppData\Local\Temp\ccw7vteI.s:139    .text._ZN7daisysp3Fm212SetFrequencyEf:00000000 $t
C:\Users\pedro\AppData\Local\Temp\ccw7vteI.s:147    .text._ZN7daisysp3Fm212SetFrequencyEf:00000000 _ZN7daisysp3Fm212SetFrequencyEf
C:\Users\pedro\AppData\Local\Temp\ccw7vteI.s:156    .text._ZN7daisysp3Fm28SetRatioEf:00000000 $t
C:\Users\pedro\AppData\Local\Temp\ccw7vteI.s:164    .text._ZN7daisysp3Fm28SetRatioEf:00000000 _ZN7daisysp3Fm28SetRatioEf
C:\Users\pedro\AppData\Local\Temp\ccw7vteI.s:173    .text._ZN7daisysp3Fm28SetIndexEf:00000000 $t
C:\Users\pedro\AppData\Local\Temp\ccw7vteI.s:181    .text._ZN7daisysp3Fm28SetIndexEf:00000000 _ZN7daisysp3Fm28SetIndexEf
C:\Users\pedro\AppData\Local\Temp\ccw7vteI.s:192    .text._ZN7daisysp3Fm28SetIndexEf:00000010 $d
C:\Users\pedro\AppData\Local\Temp\ccw7vteI.s:195    .text._ZN7daisysp3Fm28GetIndexEv:00000000 $t
C:\Users\pedro\AppData\Local\Temp\ccw7vteI.s:203    .text._ZN7daisysp3Fm28GetIndexEv:00000000 _ZN7daisysp3Fm28GetIndexEv
C:\Users\pedro\AppData\Local\Temp\ccw7vteI.s:213    .text._ZN7daisysp3Fm25ResetEv:00000000 $t
C:\Users\pedro\AppData\Local\Temp\ccw7vteI.s:221    .text._ZN7daisysp3Fm25ResetEv:00000000 _ZN7daisysp3Fm25ResetEv

UNDEFINED SYMBOLS
_ZN7daisysp10Oscillator12CalcPhaseIncEf
_ZN7daisysp10Oscillator7ProcessEv
