ARM GAS  C:\Users\pedro\AppData\Local\Temp\cceTsj7f.s 			page 1


   1              		.cpu cortex-m7
   2              		.eabi_attribute 28, 1
   3              		.eabi_attribute 20, 1
   4              		.eabi_attribute 21, 1
   5              		.eabi_attribute 23, 3
   6              		.eabi_attribute 24, 1
   7              		.eabi_attribute 25, 1
   8              		.eabi_attribute 26, 1
   9              		.eabi_attribute 30, 2
  10              		.eabi_attribute 34, 1
  11              		.eabi_attribute 18, 4
  12              		.file	"limiter.cpp"
  13              		.text
  14              		.section	.text._ZN7daisysp7Limiter4InitEv,"ax",%progbits
  15              		.align	1
  16              		.p2align 2,,3
  17              		.global	_ZN7daisysp7Limiter4InitEv
  18              		.arch armv7e-m
  19              		.syntax unified
  20              		.thumb
  21              		.thumb_func
  22              		.fpu fpv5-d16
  24              	_ZN7daisysp7Limiter4InitEv:
  25              		@ args = 0, pretend = 0, frame = 0
  26              		@ frame_needed = 0, uses_anonymous_args = 0
  27              		@ link register save eliminated.
  28 0000 4FF07C53 		mov	r3, #1056964608
  29 0004 0360     		str	r3, [r0]	@ float
  30 0006 7047     		bx	lr
  32              		.section	.text._ZN7daisysp7Limiter12ProcessBlockEPfjf,"ax",%progbits
  33              		.align	1
  34              		.p2align 2,,3
  35              		.global	_ZN7daisysp7Limiter12ProcessBlockEPfjf
  36              		.syntax unified
  37              		.thumb
  38              		.thumb_func
  39              		.fpu fpv5-d16
  41              	_ZN7daisysp7Limiter12ProcessBlockEPfjf:
  42              		@ args = 0, pretend = 0, frame = 0
  43              		@ frame_needed = 0, uses_anonymous_args = 0
  44              		@ link register save eliminated.
  45 0000 531E     		subs	r3, r2, #1
  46 0002 002A     		cmp	r2, #0
  47 0004 53D0     		beq	.L3
  48 0006 B7EE005A 		vmov.f32	s10, #1.0e+0
  49 000a 9FED294A 		vldr.32	s8, .L14
  50 000e B3EE0B6A 		vmov.f32	s12, #2.7e+1
  51 0012 DFED284A 		vldr.32	s9, .L14+4
  52 0016 B2EE023A 		vmov.f32	s6, #9.0e+0
  53 001a DFED273A 		vldr.32	s7, .L14+8
  54              	.L9:
  55 001e F1EC017A 		vldmia.32	r1!, {s15}
  56 0022 D0ED006A 		vldr.32	s13, [r0]
  57 0026 67EE807A 		vmul.f32	s15, s15, s0
  58 002a B0EEE77A 		vabs.f32	s14, s15
  59 002e 37EE667A 		vsub.f32	s14, s14, s13
  60 0032 B5EEC07A 		vcmpe.f32	s14, #0
ARM GAS  C:\Users\pedro\AppData\Local\Temp\cceTsj7f.s 			page 2


  61 0036 F1EE10FA 		vmrs	APSR_nzcv, FPSCR
  62 003a 74FE245A 		vselgt.f32	s11, s8, s9
  63 003e E5EE876A 		vfma.f32	s13, s11, s14
  64 0042 F4EEC56A 		vcmpe.f32	s13, s10
  65 0046 C0ED006A 		vstr.32	s13, [r0]
  66 004a F1EE10FA 		vmrs	APSR_nzcv, FPSCR
  67 004e 19D9     		bls	.L6
  68 0050 85EE267A 		vdiv.f32	s14, s10, s13
  69 0054 013B     		subs	r3, r3, #1
  70 0056 5A1C     		adds	r2, r3, #1
  71 0058 F0EE466A 		vmov.f32	s13, s12
  72 005c 67EE277A 		vmul.f32	s15, s14, s15
  73 0060 B0EE467A 		vmov.f32	s14, s12
  74 0064 67EEA37A 		vmul.f32	s15, s15, s7
  75 0068 A7EEA77A 		vfma.f32	s14, s15, s15
  76 006c 67EE835A 		vmul.f32	s11, s15, s6
  77 0070 E7EEA56A 		vfma.f32	s13, s15, s11
  78 0074 67EE877A 		vmul.f32	s15, s15, s14
  79 0078 87EEA67A 		vdiv.f32	s14, s15, s13
  80 007c 01ED017A 		vstr.32	s14, [r1, #-4]
  81 0080 CDD1     		bne	.L9
  82 0082 7047     		bx	lr
  83              	.L6:
  84 0084 67EEA37A 		vmul.f32	s15, s15, s7
  85 0088 013B     		subs	r3, r3, #1
  86 008a B0EE467A 		vmov.f32	s14, s12
  87 008e F0EE466A 		vmov.f32	s13, s12
  88 0092 5A1C     		adds	r2, r3, #1
  89 0094 67EE835A 		vmul.f32	s11, s15, s6
  90 0098 A7EEA77A 		vfma.f32	s14, s15, s15
  91 009c E7EEA56A 		vfma.f32	s13, s15, s11
  92 00a0 67EE877A 		vmul.f32	s15, s15, s14
  93 00a4 87EEA67A 		vdiv.f32	s14, s15, s13
  94 00a8 01ED017A 		vstr.32	s14, [r1, #-4]
  95 00ac B7D1     		bne	.L9
  96              	.L3:
  97 00ae 7047     		bx	lr
  98              	.L15:
  99              		.align	2
 100              	.L14:
 101 00b0 CDCC4C3D 		.word	1028443341
 102 00b4 ACC5A737 		.word	933741996
 103 00b8 3333333F 		.word	1060320051
 105              		.ident	"GCC: (GNU Arm Embedded Toolchain 10-2020-q4-major) 10.2.1 20201103 (release)"
ARM GAS  C:\Users\pedro\AppData\Local\Temp\cceTsj7f.s 			page 3


DEFINED SYMBOLS
                            *ABS*:00000000 limiter.cpp
C:\Users\pedro\AppData\Local\Temp\cceTsj7f.s:15     .text._ZN7daisysp7Limiter4InitEv:00000000 $t
C:\Users\pedro\AppData\Local\Temp\cceTsj7f.s:24     .text._ZN7daisysp7Limiter4InitEv:00000000 _ZN7daisysp7Limiter4InitEv
C:\Users\pedro\AppData\Local\Temp\cceTsj7f.s:33     .text._ZN7daisysp7Limiter12ProcessBlockEPfjf:00000000 $t
C:\Users\pedro\AppData\Local\Temp\cceTsj7f.s:41     .text._ZN7daisysp7Limiter12ProcessBlockEPfjf:00000000 _ZN7daisysp7Limiter12ProcessBlockEPfjf
C:\Users\pedro\AppData\Local\Temp\cceTsj7f.s:101    .text._ZN7daisysp7Limiter12ProcessBlockEPfjf:000000b0 $d

NO UNDEFINED SYMBOLS
