ARM GAS  C:\Users\pedro\AppData\Local\Temp\cc3aFrJj.s 			page 1


   1              		.cpu cortex-m7
   2              		.eabi_attribute 28, 1
   3              		.eabi_attribute 20, 1
   4              		.eabi_attribute 21, 1
   5              		.eabi_attribute 23, 3
   6              		.eabi_attribute 24, 1
   7              		.eabi_attribute 25, 1
   8              		.eabi_attribute 26, 1
   9              		.eabi_attribute 30, 2
  10              		.eabi_attribute 34, 1
  11              		.eabi_attribute 18, 4
  12              		.file	"metro.cpp"
  13              		.text
  14              		.section	.text._ZN7daisysp5Metro4InitEff,"ax",%progbits
  15              		.align	1
  16              		.p2align 2,,3
  17              		.global	_ZN7daisysp5Metro4InitEff
  18              		.arch armv7e-m
  19              		.syntax unified
  20              		.thumb
  21              		.thumb_func
  22              		.fpu fpv5-d16
  24              	_ZN7daisysp5Metro4InitEff:
  25              		@ args = 0, pretend = 0, frame = 0
  26              		@ frame_needed = 0, uses_anonymous_args = 0
  27              		@ link register save eliminated.
  28 0000 DFED077A 		vldr.32	s15, .L3
  29 0004 0023     		movs	r3, #0
  30 0006 80ED000A 		vstr.32	s0, [r0]
  31 000a 60EE277A 		vmul.f32	s15, s0, s15
  32 000e 4360     		str	r3, [r0, #4]	@ float
  33 0010 C0ED020A 		vstr.32	s1, [r0, #8]
  34 0014 87EEA07A 		vdiv.f32	s14, s15, s1
  35 0018 80ED037A 		vstr.32	s14, [r0, #12]
  36 001c 7047     		bx	lr
  37              	.L4:
  38 001e 00BF     		.align	2
  39              	.L3:
  40 0020 DB0FC940 		.word	1086918619
  42              		.section	.text._ZN7daisysp5Metro7ProcessEv,"ax",%progbits
  43              		.align	1
  44              		.p2align 2,,3
  45              		.global	_ZN7daisysp5Metro7ProcessEv
  46              		.syntax unified
  47              		.thumb
  48              		.thumb_func
  49              		.fpu fpv5-d16
  51              	_ZN7daisysp5Metro7ProcessEv:
  52              		@ args = 0, pretend = 0, frame = 0
  53              		@ frame_needed = 0, uses_anonymous_args = 0
  54              		@ link register save eliminated.
  55 0000 D0ED017A 		vldr.32	s15, [r0, #4]
  56 0004 0346     		mov	r3, r0
  57 0006 D0ED036A 		vldr.32	s13, [r0, #12]
  58 000a 9FED097A 		vldr.32	s14, .L8
  59 000e 77EEA67A 		vadd.f32	s15, s15, s13
  60 0012 F4EEC77A 		vcmpe.f32	s15, s14
ARM GAS  C:\Users\pedro\AppData\Local\Temp\cc3aFrJj.s 			page 2


  61 0016 F1EE10FA 		vmrs	APSR_nzcv, FPSCR
  62 001a 03DA     		bge	.L6
  63 001c 0020     		movs	r0, #0
  64 001e C3ED017A 		vstr.32	s15, [r3, #4]
  65 0022 7047     		bx	lr
  66              	.L6:
  67 0024 77EEC77A 		vsub.f32	s15, s15, s14
  68 0028 0120     		movs	r0, #1
  69 002a C3ED017A 		vstr.32	s15, [r3, #4]
  70 002e 7047     		bx	lr
  71              	.L9:
  72              		.align	2
  73              	.L8:
  74 0030 DB0FC940 		.word	1086918619
  76              		.section	.text._ZN7daisysp5Metro7SetFreqEf,"ax",%progbits
  77              		.align	1
  78              		.p2align 2,,3
  79              		.global	_ZN7daisysp5Metro7SetFreqEf
  80              		.syntax unified
  81              		.thumb
  82              		.thumb_func
  83              		.fpu fpv5-d16
  85              	_ZN7daisysp5Metro7SetFreqEf:
  86              		@ args = 0, pretend = 0, frame = 0
  87              		@ frame_needed = 0, uses_anonymous_args = 0
  88              		@ link register save eliminated.
  89 0000 DFED067A 		vldr.32	s15, .L11
  90 0004 D0ED026A 		vldr.32	s13, [r0, #8]
  91 0008 60EE277A 		vmul.f32	s15, s0, s15
  92 000c 80ED000A 		vstr.32	s0, [r0]
  93 0010 87EEA67A 		vdiv.f32	s14, s15, s13
  94 0014 80ED037A 		vstr.32	s14, [r0, #12]
  95 0018 7047     		bx	lr
  96              	.L12:
  97 001a 00BF     		.align	2
  98              	.L11:
  99 001c DB0FC940 		.word	1086918619
 101              		.ident	"GCC: (GNU Arm Embedded Toolchain 10-2020-q4-major) 10.2.1 20201103 (release)"
ARM GAS  C:\Users\pedro\AppData\Local\Temp\cc3aFrJj.s 			page 3


DEFINED SYMBOLS
                            *ABS*:00000000 metro.cpp
C:\Users\pedro\AppData\Local\Temp\cc3aFrJj.s:15     .text._ZN7daisysp5Metro4InitEff:00000000 $t
C:\Users\pedro\AppData\Local\Temp\cc3aFrJj.s:24     .text._ZN7daisysp5Metro4InitEff:00000000 _ZN7daisysp5Metro4InitEff
C:\Users\pedro\AppData\Local\Temp\cc3aFrJj.s:40     .text._ZN7daisysp5Metro4InitEff:00000020 $d
C:\Users\pedro\AppData\Local\Temp\cc3aFrJj.s:43     .text._ZN7daisysp5Metro7ProcessEv:00000000 $t
C:\Users\pedro\AppData\Local\Temp\cc3aFrJj.s:51     .text._ZN7daisysp5Metro7ProcessEv:00000000 _ZN7daisysp5Metro7ProcessEv
C:\Users\pedro\AppData\Local\Temp\cc3aFrJj.s:74     .text._ZN7daisysp5Metro7ProcessEv:00000030 $d
C:\Users\pedro\AppData\Local\Temp\cc3aFrJj.s:77     .text._ZN7daisysp5Metro7SetFreqEf:00000000 $t
C:\Users\pedro\AppData\Local\Temp\cc3aFrJj.s:85     .text._ZN7daisysp5Metro7SetFreqEf:00000000 _ZN7daisysp5Metro7SetFreqEf
C:\Users\pedro\AppData\Local\Temp\cc3aFrJj.s:99     .text._ZN7daisysp5Metro7SetFreqEf:0000001c $d

NO UNDEFINED SYMBOLS
