ARM GAS  C:\Users\pedro\AppData\Local\Temp\ccN040DW.s 			page 1


   1              		.cpu cortex-m7
   2              		.eabi_attribute 28, 1
   3              		.eabi_attribute 20, 1
   4              		.eabi_attribute 21, 1
   5              		.eabi_attribute 23, 3
   6              		.eabi_attribute 24, 1
   7              		.eabi_attribute 25, 1
   8              		.eabi_attribute 26, 1
   9              		.eabi_attribute 30, 2
  10              		.eabi_attribute 34, 1
  11              		.eabi_attribute 18, 4
  12              		.file	"nlfilt.cpp"
  13              		.text
  14              		.section	.text._ZN7daisysp6NlFilt4InitEv,"ax",%progbits
  15              		.align	1
  16              		.p2align 2,,3
  17              		.global	_ZN7daisysp6NlFilt4InitEv
  18              		.arch armv7e-m
  19              		.syntax unified
  20              		.thumb
  21              		.thumb_func
  22              		.fpu fpv5-d16
  24              	_ZN7daisysp6NlFilt4InitEv:
  25              		@ args = 0, pretend = 0, frame = 0
  26              		@ frame_needed = 0, uses_anonymous_args = 0
  27              		@ link register save eliminated.
  28 0000 4FF48052 		mov	r2, #4096
  29 0004 0021     		movs	r1, #0
  30 0006 8318     		adds	r3, r0, r2
  31 0008 1830     		adds	r0, r0, #24
  32 000a 9961     		str	r1, [r3, #24]
  33 000c FFF7FEBF 		b	memset
  35              		.section	.text._ZN7daisysp6NlFilt12ProcessBlockEPfS1_j,"ax",%progbits
  36              		.align	1
  37              		.p2align 2,,3
  38              		.global	_ZN7daisysp6NlFilt12ProcessBlockEPfS1_j
  39              		.syntax unified
  40              		.thumb
  41              		.thumb_func
  42              		.fpu fpv5-d16
  44              	_ZN7daisysp6NlFilt12ProcessBlockEPfS1_j:
  45              		@ args = 0, pretend = 0, frame = 8
  46              		@ frame_needed = 0, uses_anonymous_args = 0
  47 0000 2DE9F04F 		push	{r4, r5, r6, r7, r8, r9, r10, fp, lr}
  48 0004 8046     		mov	r8, r0
  49 0006 B7EE007A 		vmov.f32	s14, #1.0e+0
  50 000a 00F58050 		add	r0, r0, #4096
  51 000e D8ED057A 		vldr.32	s15, [r8, #20]
  52 0012 08F11809 		add	r9, r8, #24
  53 0016 8469     		ldr	r4, [r0, #24]
  54 0018 F4EEC77A 		vcmpe.f32	s15, s14
  55 001c 671E     		subs	r7, r4, #1
  56 001e F1EE10FA 		vmrs	APSR_nzcv, FPSCR
  57 0022 2DED0A8B 		vpush.64	{d8, d9, d10, d11, d12}
  58 0026 83B0     		sub	sp, sp, #12
  59 0028 D8ED018A 		vldr.32	s17, [r8, #4]
  60 002c 98ED029A 		vldr.32	s18, [r8, #8]
ARM GAS  C:\Users\pedro\AppData\Local\Temp\ccN040DW.s 			page 2


  61 0030 D8ED039A 		vldr.32	s19, [r8, #12]
  62 0034 98ED04AA 		vldr.32	s20, [r8, #16]
  63 0038 0190     		str	r0, [sp, #4]
  64 003a 00F18980 		bmi	.L16
  65 003e 9FED457A 		vldr.32	s14, .L27
  66 0042 F4EEC77A 		vcmpe.f32	s15, s14
  67 0046 F1EE10FA 		vmrs	APSR_nzcv, FPSCR
  68 004a 71DA     		bge	.L5
  69 004c FDEEE77A 		vcvt.s32.f32	s15, s15
  70 0050 17EE906A 		vmov	r6, s15	@ int
  71 0054 A61B     		subs	r6, r4, r6
  72              	.L4:
  73 0056 002C     		cmp	r4, #0
  74 0058 06F1FF35 		add	r5, r6, #-1
  75 005c B4BF     		ite	lt
  76 005e 04F5806C 		addlt	ip, r4, #1024
  77 0062 A446     		movge	ip, r4
  78 0064 002F     		cmp	r7, #0
  79 0066 B8BF     		it	lt
  80 0068 04F2FF37 		addwlt	r7, r4, #1023
  81 006c 002D     		cmp	r5, #0
  82 006e B8BF     		it	lt
  83 0070 06F2FF35 		addwlt	r5, r6, #1023
  84 0074 09EB8C06 		add	r6, r9, ip, lsl #2
  85 0078 09EB8707 		add	r7, r9, r7, lsl #2
  86 007c D6ED00CA 		vldr.32	s25, [r6]
  87 0080 09EB8506 		add	r6, r9, r5, lsl #2
  88 0084 D7ED007A 		vldr.32	s15, [r7]
  89 0088 96ED007A 		vldr.32	s14, [r6]
  90 008c 002B     		cmp	r3, #0
  91 008e 58D0     		beq	.L9
  92 0090 0E46     		mov	r6, r1
  93 0092 1746     		mov	r7, r2
  94 0094 9FED30BA 		vldr.32	s22, .L27+4
  95 0098 01EB830B 		add	fp, r1, r3, lsl #2
  96 009c 9FED2F8A 		vldr.32	s16, .L27+8
  97 00a0 DFED2FAA 		vldr.32	s21, .L27+12
  98 00a4 9FED2FCA 		vldr.32	s24, .L27+16
  99 00a8 DFED2FBA 		vldr.32	s23, .L27+20
 100 00ac 20E0     		b	.L15
 101              	.L25:
 102 00ae F4EE4C7A 		vcmp.f32	s15, s24
 103 00b2 0134     		adds	r4, r4, #1
 104 00b4 F1EE10FA 		vmrs	APSR_nzcv, FPSCR
 105 00b8 48BF     		it	mi
 106 00ba F0EE6B7A 		vmovmi.f32	s15, s23
 107 00be B4F5806F 		cmp	r4, #1024
 108 00c2 E7EC017A 		vstmia.32	r7!, {s15}
 109 00c6 30D0     		beq	.L19
 110              	.L26:
 111 00c8 09EB840A 		add	r10, r9, r4, lsl #2
 112              	.L12:
 113 00cc 0135     		adds	r5, r5, #1
 114 00ce FFF7FEFF 		bl	tanhf
 115 00d2 8AED000A 		vstr.32	s0, [r10]
 116 00d6 B5F5806F 		cmp	r5, #1024
 117 00da 2CD0     		beq	.L13
ARM GAS  C:\Users\pedro\AppData\Local\Temp\ccN040DW.s 			page 3


 118 00dc 09EB8503 		add	r3, r9, r5, lsl #2
 119 00e0 B345     		cmp	fp, r6
 120 00e2 93ED007A 		vldr.32	s14, [r3]
 121 00e6 2CD0     		beq	.L9
 122              	.L14:
 123 00e8 F0EE6C7A 		vmov.f32	s15, s25
 124 00ec F0EE40CA 		vmov.f32	s25, s0
 125              	.L15:
 126 00f0 29EE270A 		vmul.f32	s0, s18, s15
 127 00f4 F6EC017A 		vldmia.32	r6!, {s15}
 128 00f8 69EE876A 		vmul.f32	s13, s19, s14
 129 00fc A8EEAC0A 		vfma.f32	s0, s17, s25
 130 0100 A6EE870A 		vfma.f32	s0, s13, s14
 131 0104 30EE4A0A 		vsub.f32	s0, s0, s20
 132 0108 A7EE8B0A 		vfma.f32	s0, s15, s22
 133 010c 60EE087A 		vmul.f32	s15, s0, s16
 134 0110 F4EEEA7A 		vcmpe.f32	s15, s21
 135 0114 F1EE10FA 		vmrs	APSR_nzcv, FPSCR
 136 0118 C9DD     		ble	.L25
 137 011a 0134     		adds	r4, r4, #1
 138 011c F0EE487A 		vmov.f32	s15, s16
 139 0120 B4F5806F 		cmp	r4, #1024
 140 0124 E7EC017A 		vstmia.32	r7!, {s15}
 141 0128 CED1     		bne	.L26
 142              	.L19:
 143 012a CA46     		mov	r10, r9
 144 012c 0024     		movs	r4, #0
 145 012e CDE7     		b	.L12
 146              	.L5:
 147 0130 A4F58066 		sub	r6, r4, #1024
 148 0134 8FE7     		b	.L4
 149              	.L13:
 150 0136 B345     		cmp	fp, r6
 151 0138 98ED067A 		vldr.32	s14, [r8, #24]
 152 013c 01D0     		beq	.L9
 153 013e 0025     		movs	r5, #0
 154 0140 D2E7     		b	.L14
 155              	.L9:
 156 0142 019B     		ldr	r3, [sp, #4]
 157 0144 9C61     		str	r4, [r3, #24]
 158 0146 03B0     		add	sp, sp, #12
 159              		@ sp needed
 160 0148 BDEC0A8B 		vldm	sp!, {d8-d12}
 161 014c BDE8F08F 		pop	{r4, r5, r6, r7, r8, r9, r10, fp, pc}
 162              	.L16:
 163 0150 3E46     		mov	r6, r7
 164 0152 80E7     		b	.L4
 165              	.L28:
 166              		.align	2
 167              	.L27:
 168 0154 00008044 		.word	1149239296
 169 0158 8C4A043F 		.word	1057245836
 170 015c 2DB2773F 		.word	1064809005
 171 0160 2DB2F73F 		.word	1073197613
 172 0164 2DB2F7BF 		.word	-1074286035
 173 0168 2DB277BF 		.word	-1082674643
 175              		.section	.text._ZN7daisysp6NlFilt3SetEv,"ax",%progbits
ARM GAS  C:\Users\pedro\AppData\Local\Temp\ccN040DW.s 			page 4


 176              		.align	1
 177              		.p2align 2,,3
 178              		.global	_ZN7daisysp6NlFilt3SetEv
 179              		.syntax unified
 180              		.thumb
 181              		.thumb_func
 182              		.fpu fpv5-d16
 184              	_ZN7daisysp6NlFilt3SetEv:
 185              		@ args = 0, pretend = 0, frame = 0
 186              		@ frame_needed = 0, uses_anonymous_args = 0
 187 0000 4FF48052 		mov	r2, #4096
 188 0004 0021     		movs	r1, #0
 189 0006 1830     		adds	r0, r0, #24
 190 0008 08B5     		push	{r3, lr}
 191 000a FFF7FEFF 		bl	memset
 192 000e 0020     		movs	r0, #0
 193 0010 08BD     		pop	{r3, pc}
 195 0012 00BF     		.ident	"GCC: (GNU Arm Embedded Toolchain 10-2020-q4-major) 10.2.1 20201103 (release)"
ARM GAS  C:\Users\pedro\AppData\Local\Temp\ccN040DW.s 			page 5


DEFINED SYMBOLS
                            *ABS*:00000000 nlfilt.cpp
C:\Users\pedro\AppData\Local\Temp\ccN040DW.s:15     .text._ZN7daisysp6NlFilt4InitEv:00000000 $t
C:\Users\pedro\AppData\Local\Temp\ccN040DW.s:24     .text._ZN7daisysp6NlFilt4InitEv:00000000 _ZN7daisysp6NlFilt4InitEv
C:\Users\pedro\AppData\Local\Temp\ccN040DW.s:36     .text._ZN7daisysp6NlFilt12ProcessBlockEPfS1_j:00000000 $t
C:\Users\pedro\AppData\Local\Temp\ccN040DW.s:44     .text._ZN7daisysp6NlFilt12ProcessBlockEPfS1_j:00000000 _ZN7daisysp6NlFilt12ProcessBlockEPfS1_j
C:\Users\pedro\AppData\Local\Temp\ccN040DW.s:168    .text._ZN7daisysp6NlFilt12ProcessBlockEPfS1_j:00000154 $d
C:\Users\pedro\AppData\Local\Temp\ccN040DW.s:176    .text._ZN7daisysp6NlFilt3SetEv:00000000 $t
C:\Users\pedro\AppData\Local\Temp\ccN040DW.s:184    .text._ZN7daisysp6NlFilt3SetEv:00000000 _ZN7daisysp6NlFilt3SetEv

UNDEFINED SYMBOLS
memset
tanhf
