ARM GAS  C:\Users\pedro\AppData\Local\Temp\cciN4Ajk.s 			page 1


   1              		.cpu cortex-m7
   2              		.eabi_attribute 28, 1
   3              		.eabi_attribute 20, 1
   4              		.eabi_attribute 21, 1
   5              		.eabi_attribute 23, 3
   6              		.eabi_attribute 24, 1
   7              		.eabi_attribute 25, 1
   8              		.eabi_attribute 26, 1
   9              		.eabi_attribute 30, 2
  10              		.eabi_attribute 34, 1
  11              		.eabi_attribute 18, 4
  12              		.file	"phasor.cpp"
  13              		.text
  14              		.section	.text._ZN7daisysp6Phasor7SetFreqEf,"ax",%progbits
  15              		.align	1
  16              		.p2align 2,,3
  17              		.global	_ZN7daisysp6Phasor7SetFreqEf
  18              		.arch armv7e-m
  19              		.syntax unified
  20              		.thumb
  21              		.thumb_func
  22              		.fpu fpv5-d16
  24              	_ZN7daisysp6Phasor7SetFreqEf:
  25              		@ args = 0, pretend = 0, frame = 0
  26              		@ frame_needed = 0, uses_anonymous_args = 0
  27              		@ link register save eliminated.
  28 0000 DFED067A 		vldr.32	s15, .L3
  29 0004 D0ED016A 		vldr.32	s13, [r0, #4]
  30 0008 60EE277A 		vmul.f32	s15, s0, s15
  31 000c 80ED000A 		vstr.32	s0, [r0]
  32 0010 87EEA67A 		vdiv.f32	s14, s15, s13
  33 0014 80ED027A 		vstr.32	s14, [r0, #8]
  34 0018 7047     		bx	lr
  35              	.L4:
  36 001a 00BF     		.align	2
  37              	.L3:
  38 001c DB0FC940 		.word	1086918619
  40              		.section	.text._ZN7daisysp6Phasor7ProcessEv,"ax",%progbits
  41              		.align	1
  42              		.p2align 2,,3
  43              		.global	_ZN7daisysp6Phasor7ProcessEv
  44              		.syntax unified
  45              		.thumb
  46              		.thumb_func
  47              		.fpu fpv5-d16
  49              	_ZN7daisysp6Phasor7ProcessEv:
  50              		@ args = 0, pretend = 0, frame = 0
  51              		@ frame_needed = 0, uses_anonymous_args = 0
  52              		@ link register save eliminated.
  53 0000 D0ED036A 		vldr.32	s13, [r0, #12]
  54 0004 0023     		movs	r3, #0
  55 0006 D0ED027A 		vldr.32	s15, [r0, #8]
  56 000a 9FED0B7A 		vldr.32	s14, .L12
  57 000e 76EEA77A 		vadd.f32	s15, s13, s15
  58 0012 86EE870A 		vdiv.f32	s0, s13, s14
  59 0016 F4EEC77A 		vcmpe.f32	s15, s14
  60 001a F1EE10FA 		vmrs	APSR_nzcv, FPSCR
ARM GAS  C:\Users\pedro\AppData\Local\Temp\cciN4Ajk.s 			page 2


  61 001e C8BF     		it	gt
  62 0020 77EEC77A 		vsubgt.f32	s15, s15, s14
  63 0024 F5EEC07A 		vcmpe.f32	s15, #0
  64 0028 C0ED037A 		vstr.32	s15, [r0, #12]
  65 002c F1EE10FA 		vmrs	APSR_nzcv, FPSCR
  66 0030 48BF     		it	mi
  67 0032 C360     		strmi	r3, [r0, #12]	@ float
  68 0034 7047     		bx	lr
  69              	.L13:
  70 0036 00BF     		.align	2
  71              	.L12:
  72 0038 DB0FC940 		.word	1086918619
  74              		.ident	"GCC: (GNU Arm Embedded Toolchain 10-2020-q4-major) 10.2.1 20201103 (release)"
ARM GAS  C:\Users\pedro\AppData\Local\Temp\cciN4Ajk.s 			page 3


DEFINED SYMBOLS
                            *ABS*:00000000 phasor.cpp
C:\Users\pedro\AppData\Local\Temp\cciN4Ajk.s:15     .text._ZN7daisysp6Phasor7SetFreqEf:00000000 $t
C:\Users\pedro\AppData\Local\Temp\cciN4Ajk.s:24     .text._ZN7daisysp6Phasor7SetFreqEf:00000000 _ZN7daisysp6Phasor7SetFreqEf
C:\Users\pedro\AppData\Local\Temp\cciN4Ajk.s:38     .text._ZN7daisysp6Phasor7SetFreqEf:0000001c $d
C:\Users\pedro\AppData\Local\Temp\cciN4Ajk.s:41     .text._ZN7daisysp6Phasor7ProcessEv:00000000 $t
C:\Users\pedro\AppData\Local\Temp\cciN4Ajk.s:49     .text._ZN7daisysp6Phasor7ProcessEv:00000000 _ZN7daisysp6Phasor7ProcessEv
C:\Users\pedro\AppData\Local\Temp\cciN4Ajk.s:72     .text._ZN7daisysp6Phasor7ProcessEv:00000038 $d

NO UNDEFINED SYMBOLS
