ARM GAS  C:\Users\pedro\AppData\Local\Temp\ccIBfnVd.s 			page 1


   1              		.cpu cortex-m7
   2              		.eabi_attribute 28, 1
   3              		.eabi_attribute 20, 1
   4              		.eabi_attribute 21, 1
   5              		.eabi_attribute 23, 3
   6              		.eabi_attribute 24, 1
   7              		.eabi_attribute 25, 1
   8              		.eabi_attribute 26, 1
   9              		.eabi_attribute 30, 2
  10              		.eabi_attribute 34, 1
  11              		.eabi_attribute 18, 4
  12              		.file	"sampleratereducer.cpp"
  13              		.text
  14              		.section	.text._ZN7daisysp17SampleRateReducer4InitEv,"ax",%progbits
  15              		.align	1
  16              		.p2align 2,,3
  17              		.global	_ZN7daisysp17SampleRateReducer4InitEv
  18              		.arch armv7e-m
  19              		.syntax unified
  20              		.thumb
  21              		.thumb_func
  22              		.fpu fpv5-d16
  24              	_ZN7daisysp17SampleRateReducer4InitEv:
  25              		@ args = 0, pretend = 0, frame = 0
  26              		@ frame_needed = 0, uses_anonymous_args = 0
  27              		@ link register save eliminated.
  28 0000 0023     		movs	r3, #0
  29 0002 034A     		ldr	r2, .L3
  30 0004 4360     		str	r3, [r0, #4]	@ float
  31 0006 0260     		str	r2, [r0]	@ float
  32 0008 8360     		str	r3, [r0, #8]	@ float
  33 000a 0361     		str	r3, [r0, #16]	@ float
  34 000c C360     		str	r3, [r0, #12]	@ float
  35 000e 7047     		bx	lr
  36              	.L4:
  37              		.align	2
  38              	.L3:
  39 0010 CDCC4C3E 		.word	1045220557
  41              		.section	.text._ZN7daisysp17SampleRateReducer7ProcessEf,"ax",%progbits
  42              		.align	1
  43              		.p2align 2,,3
  44              		.global	_ZN7daisysp17SampleRateReducer7ProcessEf
  45              		.syntax unified
  46              		.thumb
  47              		.thumb_func
  48              		.fpu fpv5-d16
  50              	_ZN7daisysp17SampleRateReducer7ProcessEf:
  51              		@ args = 0, pretend = 0, frame = 0
  52              		@ frame_needed = 0, uses_anonymous_args = 0
  53              		@ link register save eliminated.
  54 0000 90ED017A 		vldr.32	s14, [r0, #4]
  55 0004 B7EE006A 		vmov.f32	s12, #1.0e+0
  56 0008 90ED004A 		vldr.32	s8, [r0]
  57 000c DFED207A 		vldr.32	s15, .L9
  58 0010 34EE077A 		vadd.f32	s14, s8, s14
  59 0014 90ED045A 		vldr.32	s10, [r0, #16]
  60 0018 C0ED047A 		vstr.32	s15, [r0, #16]
ARM GAS  C:\Users\pedro\AppData\Local\Temp\ccIBfnVd.s 			page 2


  61 001c B4EEC67A 		vcmpe.f32	s14, s12
  62 0020 80ED017A 		vstr.32	s14, [r0, #4]
  63 0024 F1EE10FA 		vmrs	APSR_nzcv, FPSCR
  64 0028 2EDB     		blt	.L8
  65 002a 77EE466A 		vsub.f32	s13, s14, s12
  66 002e D0ED037A 		vldr.32	s15, [r0, #12]
  67 0032 F6EE005A 		vmov.f32	s11, #5.0e-1
  68 0036 D0ED024A 		vldr.32	s9, [r0, #8]
  69 003a 30EE673A 		vsub.f32	s6, s0, s15
  70 003e C6EE843A 		vdiv.f32	s7, s13, s8
  71 0042 C0ED016A 		vstr.32	s13, [r0, #4]
  72 0046 BEEE007A 		vmov.f32	s14, #-5.0e-1
  73 004a 36EE636A 		vsub.f32	s12, s12, s7
  74 004e 63EEA55A 		vmul.f32	s11, s7, s11
  75 0052 E3EE067A 		vfma.f32	s15, s6, s12
  76 0056 65EEA35A 		vmul.f32	s11, s11, s7
  77 005a F0EE676A 		vmov.f32	s13, s15
  78 005e 66EE077A 		vmul.f32	s15, s12, s14
  79 0062 36EEE47A 		vsub.f32	s14, s13, s9
  80 0066 C0ED026A 		vstr.32	s13, [r0, #8]
  81 006a 67EE867A 		vmul.f32	s15, s15, s12
  82 006e A7EE255A 		vfma.f32	s10, s14, s11
  83 0072 67EE877A 		vmul.f32	s15, s15, s14
  84              	.L7:
  85 0076 77EEA67A 		vadd.f32	s15, s15, s13
  86 007a 80ED030A 		vstr.32	s0, [r0, #12]
  87 007e B0EE450A 		vmov.f32	s0, s10
  88 0082 C0ED047A 		vstr.32	s15, [r0, #16]
  89 0086 7047     		bx	lr
  90              	.L8:
  91 0088 D0ED026A 		vldr.32	s13, [r0, #8]
  92 008c F3E7     		b	.L7
  93              	.L10:
  94 008e 00BF     		.align	2
  95              	.L9:
  96 0090 00000000 		.word	0
  98              		.section	.text._ZN7daisysp17SampleRateReducer7SetFreqEf,"ax",%progbits
  99              		.align	1
 100              		.p2align 2,,3
 101              		.global	_ZN7daisysp17SampleRateReducer7SetFreqEf
 102              		.syntax unified
 103              		.thumb
 104              		.thumb_func
 105              		.fpu fpv5-d16
 107              	_ZN7daisysp17SampleRateReducer7SetFreqEf:
 108              		@ args = 0, pretend = 0, frame = 0
 109              		@ frame_needed = 0, uses_anonymous_args = 0
 110              		@ link register save eliminated.
 111 0000 F7EE007A 		vmov.f32	s15, #1.0e+0
 112 0004 9FED047A 		vldr.32	s14, .L12
 113              		.syntax unified
 114              	@ 36 "Source/Utility/dsp.h" 1
 115 0008 80FE070A 		vmaxnm.f32 s0, s0, s14
 116              	@ 0 "" 2
 117              	@ 47 "Source/Utility/dsp.h" 1
 118 000c 80FE670A 		vminnm.f32 s0, s0, s15
 119              	@ 0 "" 2
ARM GAS  C:\Users\pedro\AppData\Local\Temp\ccIBfnVd.s 			page 3


 120              		.thumb
 121              		.syntax unified
 122 0010 80ED000A 		vstr.32	s0, [r0]
 123 0014 7047     		bx	lr
 124              	.L13:
 125 0016 00BF     		.align	2
 126              	.L12:
 127 0018 00000000 		.word	0
 129              		.ident	"GCC: (GNU Arm Embedded Toolchain 10-2020-q4-major) 10.2.1 20201103 (release)"
ARM GAS  C:\Users\pedro\AppData\Local\Temp\ccIBfnVd.s 			page 4


DEFINED SYMBOLS
                            *ABS*:00000000 sampleratereducer.cpp
C:\Users\pedro\AppData\Local\Temp\ccIBfnVd.s:15     .text._ZN7daisysp17SampleRateReducer4InitEv:00000000 $t
C:\Users\pedro\AppData\Local\Temp\ccIBfnVd.s:24     .text._ZN7daisysp17SampleRateReducer4InitEv:00000000 _ZN7daisysp17SampleRateReducer4InitEv
C:\Users\pedro\AppData\Local\Temp\ccIBfnVd.s:39     .text._ZN7daisysp17SampleRateReducer4InitEv:00000010 $d
C:\Users\pedro\AppData\Local\Temp\ccIBfnVd.s:42     .text._ZN7daisysp17SampleRateReducer7ProcessEf:00000000 $t
C:\Users\pedro\AppData\Local\Temp\ccIBfnVd.s:50     .text._ZN7daisysp17SampleRateReducer7ProcessEf:00000000 _ZN7daisysp17SampleRateReducer7ProcessEf
C:\Users\pedro\AppData\Local\Temp\ccIBfnVd.s:96     .text._ZN7daisysp17SampleRateReducer7ProcessEf:00000090 $d
C:\Users\pedro\AppData\Local\Temp\ccIBfnVd.s:99     .text._ZN7daisysp17SampleRateReducer7SetFreqEf:00000000 $t
C:\Users\pedro\AppData\Local\Temp\ccIBfnVd.s:107    .text._ZN7daisysp17SampleRateReducer7SetFreqEf:00000000 _ZN7daisysp17SampleRateReducer7SetFreqEf
C:\Users\pedro\AppData\Local\Temp\ccIBfnVd.s:127    .text._ZN7daisysp17SampleRateReducer7SetFreqEf:00000018 $d

NO UNDEFINED SYMBOLS
